Сборка начата 05.09.2024 16:56:43.
Уровень детализации журнала: Normal.     1>Проект "D:\Лабораторные\АиСД\3 семестр\lab1\lab1.vcxproj" в узле 2 (целевые объекты Build).
     1>InitializeBuildStatus:
         Создание "Debug\lab1.tlog\unsuccessfulbuild", так как было задано "AlwaysCreate".
         Обращение к "Debug\lab1.tlog\unsuccessfulbuild".
       ClCompile:
         D:\Программы\visual studio 2022\VC\Tools\MSVC\14.37.32822\bin\HostX86\x86\CL.exe /c /ZI /JMC /nologo /W3 /WX- /diagnostics:column /sdl /Od /Oy- /D WIN32 /D _DEBUG /D _CONSOLE /D _UNICODE /D UNICODE /Gm- /EHsc /RTC1 /MDd /GS /fp:precise /Zc:wchar_t /Zc:forScope /Zc:inline /permissive- /Fo"Debug\\" /Fd"Debug\vc143.pdb" /external:W3 /Gd /TP /analyze- /FC /errorReport:prompt lab1.cpp
         lab1.cpp
     1>D:\Лабораторные\АиСД\3 семестр\lab1\lab1.cpp(32,32): warning C4244: аргумент: преобразование "float" в "int", возможна потеря данных
     1>D:\Лабораторные\АиСД\3 семестр\lab1\lab1.cpp(32,23): warning C4244: аргумент: преобразование "float" в "int", возможна потеря данных
     1>D:\Лабораторные\АиСД\3 семестр\lab1\lab1.cpp(32,17): warning C4244: аргумент: преобразование "float" в "int", возможна потеря данных
       Link:
         D:\Программы\visual studio 2022\VC\Tools\MSVC\14.37.32822\bin\HostX86\x86\link.exe /ERRORREPORT:PROMPT /OUT:"D:\Лабораторные\АиСД\3 семестр\lab1\Debug\lab1.exe" /INCREMENTAL /ILK:"Debug\lab1.ilk" /NOLOGO kernel32.lib user32.lib gdi32.lib winspool.lib comdlg32.lib advapi32.lib shell32.lib ole32.lib oleaut32.lib uuid.lib odbc32.lib odbccp32.lib /MANIFEST /MANIFESTUAC:"level='asInvoker' uiAccess='false'" /manifest:embed /DEBUG /PDB:"D:\Лабораторные\АиСД\3 семестр\lab1\Debug\lab1.pdb" /SUBSYSTEM:CONSOLE /TLBID:1 /DYNAMICBASE /NXCOMPAT /IMPLIB:"D:\Лабораторные\АиСД\3 семестр\lab1\Debug\lab1.lib" /MACHINE:X86 Debug\lab1.obj
         lab1.vcxproj -> D:\Лабораторные\АиСД\3 семестр\lab1\Debug\lab1.exe
       FinalizeBuildStatus:
         Файл "Debug\lab1.tlog\unsuccessfulbuild" удаляется.
         Обращение к "Debug\lab1.tlog\lab1.lastbuildstate".
     1>Сборка проекта "D:\Лабораторные\АиСД\3 семестр\lab1\lab1.vcxproj" завершена (целевые объекты Build).

Сборка успешно завершена.

       "D:\Лабораторные\АиСД\3 семестр\lab1\lab1.vcxproj" (целевой объект Build ) (1) ->
       (Целевой объект ClCompile) -> 
         D:\Лабораторные\АиСД\3 семестр\lab1\lab1.cpp(32,32): warning C4244: аргумент: преобразование "float" в "int", возможна потеря данных
         D:\Лабораторные\АиСД\3 семестр\lab1\lab1.cpp(32,23): warning C4244: аргумент: преобразование "float" в "int", возможна потеря данных
         D:\Лабораторные\АиСД\3 семестр\lab1\lab1.cpp(32,17): warning C4244: аргумент: преобразование "float" в "int", возможна потеря данных

    Предупреждений: 3
    Ошибок: 0

Прошло времени 00:00:01.92
