Сборка начата 27.11.2024 18:49:10.
Уровень детализации журнала: Normal.     1>Проект "D:\Лабораторные\АИСД\lab8\Lab08\LAb08.vcxproj" в узле 2 (целевые объекты Build).
     1>InitializeBuildStatus:
         Создание "x64\Debug\Lab08.tlog\unsuccessfulbuild", так как было задано "AlwaysCreate".
         Обращение к "x64\Debug\Lab08.tlog\unsuccessfulbuild".
       ClCompile:
         D:\Программы\visual studio 2022\VC\Tools\MSVC\14.37.32822\bin\HostX64\x64\CL.exe /c /ZI /JMC /nologo /W3 /WX- /diagnostics:column /sdl /Od /D _DEBUG /D _CONSOLE /D _UNICODE /D UNICODE /Gm- /EHsc /RTC1 /MDd /GS /fp:precise /Zc:wchar_t /Zc:forScope /Zc:inline /permissive- /Fo"x64\Debug\\" /Fd"x64\Debug\vc143.pdb" /external:W3 /Gd /TP /FC /errorReport:prompt Lab08.cpp
         Lab08.cpp
     1>D:\Лабораторные\АИСД\lab8\LAb08\Lab08.cpp(5,13): warning C4326: возвращаемый тип "main" должен быть "int", а не "void"
       Link:
         D:\Программы\visual studio 2022\VC\Tools\MSVC\14.37.32822\bin\HostX64\x64\link.exe /ERRORREPORT:PROMPT /OUT:"D:\Лабораторные\АИСД\lab8\Lab08\x64\Debug\Lab08.exe" /INCREMENTAL /ILK:"x64\Debug\Lab08.ilk" /NOLOGO kernel32.lib user32.lib gdi32.lib winspool.lib comdlg32.lib advapi32.lib shell32.lib ole32.lib oleaut32.lib uuid.lib odbc32.lib odbccp32.lib /MANIFEST /MANIFESTUAC:"level='asInvoker' uiAccess='false'" /manifest:embed /DEBUG /PDB:"D:\Лабораторные\АИСД\lab8\Lab08\x64\Debug\Lab08.pdb" /SUBSYSTEM:CONSOLE /TLBID:1 /DYNAMICBASE /NXCOMPAT /IMPLIB:"D:\Лабораторные\АИСД\lab8\Lab08\x64\Debug\Lab08.lib" /MACHINE:X64 x64\Debug\Lab08.obj
         LAb08.vcxproj -> D:\Лабораторные\АИСД\lab8\Lab08\x64\Debug\Lab08.exe
       FinalizeBuildStatus:
         Файл "x64\Debug\Lab08.tlog\unsuccessfulbuild" удаляется.
         Обращение к "x64\Debug\Lab08.tlog\Lab08.lastbuildstate".
     1>Сборка проекта "D:\Лабораторные\АИСД\lab8\Lab08\LAb08.vcxproj" завершена (целевые объекты Build).

Сборка успешно завершена.

       "D:\Лабораторные\АИСД\lab8\Lab08\LAb08.vcxproj" (целевой объект Build ) (1) ->
       (Целевой объект ClCompile) -> 
         D:\Лабораторные\АИСД\lab8\LAb08\Lab08.cpp(5,13): warning C4326: возвращаемый тип "main" должен быть "int", а не "void"

    Предупреждений: 1
    Ошибок: 0

Прошло времени 00:00:03.42
