Сборка начата 14.11.2024 14:39:11.
Уровень детализации журнала: Normal.     1>Проект "D:\Лабораторные\АИСД\lab6\lab6\lab6.vcxproj" в узле 2 (целевые объекты Build).
     1>InitializeBuildStatus:
         Создание "x64\Debug\lab6.tlog\unsuccessfulbuild", так как было задано "AlwaysCreate".
         Обращение к "x64\Debug\lab6.tlog\unsuccessfulbuild".
       ClCompile:
         D:\Программы\visual studio 2022\VC\Tools\MSVC\14.37.32822\bin\HostX64\x64\CL.exe /c /ZI /JMC /nologo /W3 /WX- /diagnostics:column /sdl /Od /D _DEBUG /D _CONSOLE /D _UNICODE /D UNICODE /Gm- /EHsc /RTC1 /MDd /GS /fp:precise /Zc:wchar_t /Zc:forScope /Zc:inline /permissive- /Fo"x64\Debug\\" /Fd"x64\Debug\vc143.pdb" /external:W3 /Gd /TP /FC /errorReport:prompt lab6.cpp
         lab6.cpp
     1>D:\Лабораторные\АИСД\lab6\lab6\lab6.cpp(69,11): warning C4267: инициализация: преобразование из "size_t" в "int"; возможна потеря данных
     1>D:\Лабораторные\АИСД\lab6\lab6\lab6.cpp(92,16): warning C4267: инициализация: преобразование из "size_t" в "int"; возможна потеря данных
     1>D:\Лабораторные\АИСД\lab6\lab6\lab6.cpp(101,16): warning C4267: инициализация: преобразование из "size_t" в "int"; возможна потеря данных
       Link:
         D:\Программы\visual studio 2022\VC\Tools\MSVC\14.37.32822\bin\HostX64\x64\link.exe /ERRORREPORT:PROMPT /OUT:"D:\Лабораторные\АИСД\lab6\lab6\x64\Debug\lab6.exe" /INCREMENTAL /ILK:"x64\Debug\lab6.ilk" /NOLOGO kernel32.lib user32.lib gdi32.lib winspool.lib comdlg32.lib advapi32.lib shell32.lib ole32.lib oleaut32.lib uuid.lib odbc32.lib odbccp32.lib /MANIFEST /MANIFESTUAC:"level='asInvoker' uiAccess='false'" /manifest:embed /DEBUG /PDB:"D:\Лабораторные\АИСД\lab6\lab6\x64\Debug\lab6.pdb" /SUBSYSTEM:CONSOLE /TLBID:1 /DYNAMICBASE /NXCOMPAT /IMPLIB:"D:\Лабораторные\АИСД\lab6\lab6\x64\Debug\lab6.lib" /MACHINE:X64 x64\Debug\lab6.obj
         lab6.vcxproj -> D:\Лабораторные\АИСД\lab6\lab6\x64\Debug\lab6.exe
       FinalizeBuildStatus:
         Файл "x64\Debug\lab6.tlog\unsuccessfulbuild" удаляется.
         Обращение к "x64\Debug\lab6.tlog\lab6.lastbuildstate".
     1>Сборка проекта "D:\Лабораторные\АИСД\lab6\lab6\lab6.vcxproj" завершена (целевые объекты Build).

Сборка успешно завершена.

       "D:\Лабораторные\АИСД\lab6\lab6\lab6.vcxproj" (целевой объект Build ) (1) ->
       (Целевой объект ClCompile) -> 
         D:\Лабораторные\АИСД\lab6\lab6\lab6.cpp(69,11): warning C4267: инициализация: преобразование из "size_t" в "int"; возможна потеря данных
         D:\Лабораторные\АИСД\lab6\lab6\lab6.cpp(92,16): warning C4267: инициализация: преобразование из "size_t" в "int"; возможна потеря данных
         D:\Лабораторные\АИСД\lab6\lab6\lab6.cpp(101,16): warning C4267: инициализация: преобразование из "size_t" в "int"; возможна потеря данных

    Предупреждений: 3
    Ошибок: 0

Прошло времени 00:00:05.48
